<?xml version="1.0" encoding="UTF-8"?>
<!-- Generated by org.testng.reporters.JUnitXMLReporter -->
<testsuite ignored="0" hostname="DESKTOP-8F4MOVP" failures="1" tests="16" name="Test" time="0.18" errors="0" timestamp="2023-02-08T18:53:39 IST">
  <testcase classname="Com.Actitime.Testng.MehuChoksi" name="adani" time="0.017"/>
  <testcase classname="Com.Actitime.Testng.MehuChoksi" name="adani1" time="0.002"/>
  <testcase classname="Com.Actitime.Testng.MehuChoksi" name="adani2" time="0.003"/>
  <testcase classname="Com.Actitime.Testng.MehuChoksi" name="adani2" time="0.002"/>
  <testcase classname="Com.Actitime.Testng.MehuChoksi" name="adani2" time="0.001"/>
  <testcase classname="Com.Actitime.Testng.DemoTesting" name="babubhaiya" time="0.004">
    <failure type="java.lang.AssertionError" message="null">
      <![CDATA[java.lang.AssertionError: null
at Com.Actitime.Testng.DemoTesting.babubhaiya(DemoTesting.java:25)
at java.base/java.util.ArrayList.forEach(ArrayList.java:1511)
... Removed 27 stack frames]]>
    </failure>
  </testcase> <!-- babubhaiya -->
  <testcase classname="Com.Actitime.Testng.DemoTesting" name="createCustomer" time="0.001"/>
  <testcase classname="Com.Actitime.Testng.DemoTesting" name="joblelo" time="0.001"/>
  <testcase classname="Com.Actitime.Testng.DemoTesting" name="sheela" time="0.001"/>
  <testcase classname="Com.Actitime.Testng.DemoTesting" name="sheela" time="0.007"/>
  <testcase classname="Com.Actitime.Testng.DemoTesting" name="sheela" time="0.007"/>
  <testcase classname="Com.Actitime.Testng.Ambani" name="adani" time="0.008"/>
  <testcase classname="Com.Actitime.Testng.Ambani" name="adani1" time="0.002"/>
  <testcase classname="Com.Actitime.Testng.Ambani" name="adani2" time="0.002"/>
  <testcase classname="Com.Actitime.Testng.Ambani" name="adani2" time="0.002"/>
  <testcase classname="Com.Actitime.Testng.Ambani" name="adani2" time="0.009"/>
</testsuite> <!-- Test -->
